2018-11-29 14:28:09,475 INFO org.apache.juli.logging.DirectJDKLog [main] Initializing ProtocolHandler ["http-nio-8090"]
2018-11-29 14:28:09,478 INFO org.apache.juli.logging.DirectJDKLog [main] Starting service [Tomcat]
2018-11-29 14:28:09,478 INFO org.apache.juli.logging.DirectJDKLog [main] Starting Servlet Engine: Apache Tomcat/9.0.12
2018-11-29 14:28:09,482 INFO org.apache.juli.logging.DirectJDKLog [main] The APR based Apache Tomcat Native library which allows optimal performance in production environments was not found on the java.library.path: [/Users/jay/Library/Java/Extensions:/Library/Java/Extensions:/Network/Library/Java/Extensions:/System/Library/Java/Extensions:/usr/lib/java:.]
2018-11-29 14:28:09,568 INFO org.apache.juli.logging.DirectJDKLog [main] Initializing Spring embedded WebApplicationContext
2018-11-29 14:28:09,641 INFO org.apache.juli.logging.DirectJDKLog [main] Stopping service [Tomcat]
2018-11-29 14:28:09,654 ERROR org.springframework.boot.SpringApplication [main] Application run failed
org.springframework.beans.factory.BeanCreationException: Error creating bean with name 'flyway' defined in class path resource [org/springframework/boot/autoconfigure/flyway/FlywayAutoConfiguration$FlywayConfiguration.class]: Bean instantiation via factory method failed; nested exception is org.springframework.beans.BeanInstantiationException: Failed to instantiate [org.flywaydb.core.Flyway]: Factory method 'flyway' threw exception; nested exception is java.lang.IllegalStateException: Cannot find migrations location in: [classpath:db/migration] (please add migrations or check your Flyway configuration)
	at org.springframework.beans.factory.support.ConstructorResolver.instantiate(ConstructorResolver.java:625)
	at org.springframework.beans.factory.support.ConstructorResolver.instantiateUsingFactoryMethod(ConstructorResolver.java:455)
	at org.springframework.beans.factory.support.AbstractAutowireCapableBeanFactory.instantiateUsingFactoryMethod(AbstractAutowireCapableBeanFactory.java:1288)
	at org.springframework.beans.factory.support.AbstractAutowireCapableBeanFactory.createBeanInstance(AbstractAutowireCapableBeanFactory.java:1127)
	at org.springframework.beans.factory.support.AbstractAutowireCapableBeanFactory.doCreateBean(AbstractAutowireCapableBeanFactory.java:538)
	at org.springframework.beans.factory.support.AbstractAutowireCapableBeanFactory.createBean(AbstractAutowireCapableBeanFactory.java:498)
	at org.springframework.beans.factory.support.AbstractBeanFactory.lambda$doGetBean$0(AbstractBeanFactory.java:320)
	at org.springframework.beans.factory.support.DefaultSingletonBeanRegistry.getSingleton(DefaultSingletonBeanRegistry.java:222)
	at org.springframework.beans.factory.support.AbstractBeanFactory.doGetBean(AbstractBeanFactory.java:318)
	at org.springframework.beans.factory.support.AbstractBeanFactory.getBean(AbstractBeanFactory.java:199)
	at org.springframework.beans.factory.support.AbstractBeanFactory.doGetBean(AbstractBeanFactory.java:307)
	at org.springframework.beans.factory.support.AbstractBeanFactory.getBean(AbstractBeanFactory.java:199)
	at org.springframework.context.support.AbstractApplicationContext.getBean(AbstractApplicationContext.java:1083)
	at org.springframework.context.support.AbstractApplicationContext.finishBeanFactoryInitialization(AbstractApplicationContext.java:853)
	at org.springframework.context.support.AbstractApplicationContext.refresh(AbstractApplicationContext.java:546)
	at org.springframework.boot.web.servlet.context.ServletWebServerApplicationContext.refresh(ServletWebServerApplicationContext.java:140)
	at org.springframework.boot.SpringApplication.refresh(SpringApplication.java:775)
	at org.springframework.boot.SpringApplication.refreshContext(SpringApplication.java:397)
	at org.springframework.boot.SpringApplication.run(SpringApplication.java:316)
	at org.springframework.boot.SpringApplication.run(SpringApplication.java:1260)
	at org.springframework.boot.SpringApplication.run(SpringApplication.java:1248)
	at com.shineSolutions.nabPreparation.NabPreparationApplication.main(NabPreparationApplication.java:10)
Caused by: org.springframework.beans.BeanInstantiationException: Failed to instantiate [org.flywaydb.core.Flyway]: Factory method 'flyway' threw exception; nested exception is java.lang.IllegalStateException: Cannot find migrations location in: [classpath:db/migration] (please add migrations or check your Flyway configuration)
	at org.springframework.beans.factory.support.SimpleInstantiationStrategy.instantiate(SimpleInstantiationStrategy.java:185)
	at org.springframework.beans.factory.support.ConstructorResolver.instantiate(ConstructorResolver.java:620)
	... 21 common frames omitted
Caused by: java.lang.IllegalStateException: Cannot find migrations location in: [classpath:db/migration] (please add migrations or check your Flyway configuration)
	at org.springframework.util.Assert.state(Assert.java:94)
	at org.springframework.boot.autoconfigure.flyway.FlywayAutoConfiguration$FlywayConfiguration.checkLocationExists(FlywayAutoConfiguration.java:191)
	at org.springframework.boot.autoconfigure.flyway.FlywayAutoConfiguration$FlywayConfiguration.flyway(FlywayAutoConfiguration.java:150)
	at org.springframework.boot.autoconfigure.flyway.FlywayAutoConfiguration$FlywayConfiguration$$EnhancerBySpringCGLIB$$c649d9f9.CGLIB$flyway$0(<generated>)
	at org.springframework.boot.autoconfigure.flyway.FlywayAutoConfiguration$FlywayConfiguration$$EnhancerBySpringCGLIB$$c649d9f9$$FastClassBySpringCGLIB$$e86ad35e.invoke(<generated>)
	at org.springframework.cglib.proxy.MethodProxy.invokeSuper(MethodProxy.java:244)
	at org.springframework.context.annotation.ConfigurationClassEnhancer$BeanMethodInterceptor.intercept(ConfigurationClassEnhancer.java:363)
	at org.springframework.boot.autoconfigure.flyway.FlywayAutoConfiguration$FlywayConfiguration$$EnhancerBySpringCGLIB$$c649d9f9.flyway(<generated>)
	at sun.reflect.NativeMethodAccessorImpl.invoke0(Native Method)
	at sun.reflect.NativeMethodAccessorImpl.invoke(NativeMethodAccessorImpl.java:62)
	at sun.reflect.DelegatingMethodAccessorImpl.invoke(DelegatingMethodAccessorImpl.java:43)
	at java.lang.reflect.Method.invoke(Method.java:498)
	at org.springframework.beans.factory.support.SimpleInstantiationStrategy.instantiate(SimpleInstantiationStrategy.java:154)
	... 22 common frames omitted
2018-11-29 14:29:00,428 INFO org.apache.juli.logging.DirectJDKLog [main] Initializing ProtocolHandler ["http-nio-8090"]
2018-11-29 14:29:00,432 INFO org.apache.juli.logging.DirectJDKLog [main] Starting service [Tomcat]
2018-11-29 14:29:00,432 INFO org.apache.juli.logging.DirectJDKLog [main] Starting Servlet Engine: Apache Tomcat/9.0.12
2018-11-29 14:29:00,436 INFO org.apache.juli.logging.DirectJDKLog [main] The APR based Apache Tomcat Native library which allows optimal performance in production environments was not found on the java.library.path: [/Users/jay/Library/Java/Extensions:/Library/Java/Extensions:/Network/Library/Java/Extensions:/System/Library/Java/Extensions:/usr/lib/java:.]
2018-11-29 14:29:00,519 INFO org.apache.juli.logging.DirectJDKLog [main] Initializing Spring embedded WebApplicationContext
2018-11-29 14:29:00,620 INFO org.flywaydb.core.internal.logging.slf4j.Slf4jLog [main] Flyway Community Edition 5.2.1 by Boxfuse
2018-11-29 14:29:00,642 INFO com.zaxxer.hikari.HikariDataSource [main] HikariPool-1 - Starting...
2018-11-29 14:29:00,699 INFO com.zaxxer.hikari.HikariDataSource [main] HikariPool-1 - Start completed.
2018-11-29 14:29:00,702 INFO org.flywaydb.core.internal.logging.slf4j.Slf4jLog [main] Database: jdbc:h2:mem:testdb (H2 1.4)
2018-11-29 14:29:00,826 INFO org.flywaydb.core.internal.logging.slf4j.Slf4jLog [main] Successfully validated 1 migration (execution time 00:00.010s)
2018-11-29 14:29:00,832 INFO org.flywaydb.core.internal.logging.slf4j.Slf4jLog [main] Creating Schema History table: "PUBLIC"."flyway_schema_history"
2018-11-29 14:29:00,846 INFO org.flywaydb.core.internal.logging.slf4j.Slf4jLog [main] Current version of schema "PUBLIC": << Empty Schema >>
2018-11-29 14:29:00,847 INFO org.flywaydb.core.internal.logging.slf4j.Slf4jLog [main] Migrating schema "PUBLIC" to version 1.0 - CreateUserAndTransactions
2018-11-29 14:29:00,860 INFO org.flywaydb.core.internal.logging.slf4j.Slf4jLog [main] Successfully applied 1 migration to schema "PUBLIC" (execution time 00:00.029s)
2018-11-29 14:29:00,925 INFO org.hibernate.jpa.internal.util.LogHelper [main] HHH000204: Processing PersistenceUnitInfo [
	name: default
	...]
2018-11-29 14:29:00,958 INFO org.hibernate.Version [main] HHH000412: Hibernate Core {5.3.7.Final}
2018-11-29 14:29:00,959 INFO org.hibernate.cfg.Environment [main] HHH000206: hibernate.properties not found
2018-11-29 14:29:01,026 INFO org.hibernate.annotations.common.reflection.java.JavaReflectionManager [main] HCANN000001: Hibernate Commons Annotations {5.0.4.Final}
2018-11-29 14:29:01,099 INFO org.hibernate.dialect.Dialect [main] HHH000400: Using dialect: org.hibernate.dialect.H2Dialect
2018-11-29 14:29:01,593 WARN com.netflix.config.sources.URLConfigurationSource [main] No URLs will be polled as dynamic configuration sources.
2018-11-29 14:29:01,594 INFO com.netflix.config.sources.URLConfigurationSource [main] To enable URLs as dynamic configuration sources, define System property archaius.configurationSource.additionalUrls or make config.properties available on classpath.
2018-11-29 14:29:01,596 WARN com.netflix.config.sources.URLConfigurationSource [main] No URLs will be polled as dynamic configuration sources.
2018-11-29 14:29:01,596 INFO com.netflix.config.sources.URLConfigurationSource [main] To enable URLs as dynamic configuration sources, define System property archaius.configurationSource.additionalUrls or make config.properties available on classpath.
2018-11-29 14:29:01,943 INFO org.apache.juli.logging.DirectJDKLog [main] Starting ProtocolHandler ["http-nio-8090"]
2018-11-29 14:29:01,961 INFO org.apache.juli.logging.DirectJDKLog [main] Using a shared selector for servlet write/read
2018-11-29 14:29:08,801 INFO org.apache.juli.logging.DirectJDKLog [http-nio-8090-exec-1] Initializing Spring DispatcherServlet 'dispatcherServlet'
2018-11-29 14:29:08,856 INFO org.hibernate.hql.internal.QueryTranslatorFactoryInitiator [http-nio-8090-exec-1] HHH000397: Using ASTQueryTranslatorFactory
2018-11-29 14:32:20,138 INFO com.zaxxer.hikari.HikariDataSource [Thread-12] HikariPool-1 - Shutdown initiated...
2018-11-29 14:32:20,139 INFO com.zaxxer.hikari.HikariDataSource [Thread-12] HikariPool-1 - Shutdown completed.
2018-11-29 14:32:31,241 INFO org.apache.juli.logging.DirectJDKLog [main] Initializing ProtocolHandler ["http-nio-8090"]
2018-11-29 14:32:31,244 INFO org.apache.juli.logging.DirectJDKLog [main] Starting service [Tomcat]
2018-11-29 14:32:31,244 INFO org.apache.juli.logging.DirectJDKLog [main] Starting Servlet Engine: Apache Tomcat/9.0.12
2018-11-29 14:32:31,248 INFO org.apache.juli.logging.DirectJDKLog [main] The APR based Apache Tomcat Native library which allows optimal performance in production environments was not found on the java.library.path: [/Users/jay/Library/Java/Extensions:/Library/Java/Extensions:/Network/Library/Java/Extensions:/System/Library/Java/Extensions:/usr/lib/java:.]
2018-11-29 14:32:31,332 INFO org.apache.juli.logging.DirectJDKLog [main] Initializing Spring embedded WebApplicationContext
2018-11-29 14:32:31,431 INFO org.flywaydb.core.internal.logging.slf4j.Slf4jLog [main] Flyway Community Edition 5.2.1 by Boxfuse
2018-11-29 14:32:31,454 INFO com.zaxxer.hikari.HikariDataSource [main] HikariPool-1 - Starting...
2018-11-29 14:32:31,560 INFO com.zaxxer.hikari.HikariDataSource [main] HikariPool-1 - Start completed.
2018-11-29 14:32:31,563 INFO org.flywaydb.core.internal.logging.slf4j.Slf4jLog [main] Database: jdbc:h2:mem:testdb (H2 1.4)
2018-11-29 14:32:31,608 INFO org.flywaydb.core.internal.logging.slf4j.Slf4jLog [main] Successfully validated 1 migration (execution time 00:00.008s)
2018-11-29 14:32:31,616 INFO org.flywaydb.core.internal.logging.slf4j.Slf4jLog [main] Creating Schema History table: "PUBLIC"."flyway_schema_history"
2018-11-29 14:32:31,631 INFO org.flywaydb.core.internal.logging.slf4j.Slf4jLog [main] Current version of schema "PUBLIC": << Empty Schema >>
2018-11-29 14:32:31,632 INFO org.flywaydb.core.internal.logging.slf4j.Slf4jLog [main] Migrating schema "PUBLIC" to version 1.0 - CreateUserAndTransactions
2018-11-29 14:32:31,643 INFO org.flywaydb.core.internal.logging.slf4j.Slf4jLog [main] Successfully applied 1 migration to schema "PUBLIC" (execution time 00:00.031s)
2018-11-29 14:32:31,711 INFO org.hibernate.jpa.internal.util.LogHelper [main] HHH000204: Processing PersistenceUnitInfo [
	name: default
	...]
2018-11-29 14:32:31,745 INFO org.hibernate.Version [main] HHH000412: Hibernate Core {5.3.7.Final}
2018-11-29 14:32:31,746 INFO org.hibernate.cfg.Environment [main] HHH000206: hibernate.properties not found
2018-11-29 14:32:31,816 INFO org.hibernate.annotations.common.reflection.java.JavaReflectionManager [main] HCANN000001: Hibernate Commons Annotations {5.0.4.Final}
2018-11-29 14:32:31,882 INFO org.hibernate.dialect.Dialect [main] HHH000400: Using dialect: org.hibernate.dialect.H2Dialect
2018-11-29 14:32:32,383 WARN com.netflix.config.sources.URLConfigurationSource [main] No URLs will be polled as dynamic configuration sources.
2018-11-29 14:32:32,384 INFO com.netflix.config.sources.URLConfigurationSource [main] To enable URLs as dynamic configuration sources, define System property archaius.configurationSource.additionalUrls or make config.properties available on classpath.
2018-11-29 14:32:32,386 WARN com.netflix.config.sources.URLConfigurationSource [main] No URLs will be polled as dynamic configuration sources.
2018-11-29 14:32:32,386 INFO com.netflix.config.sources.URLConfigurationSource [main] To enable URLs as dynamic configuration sources, define System property archaius.configurationSource.additionalUrls or make config.properties available on classpath.
2018-11-29 14:32:32,725 INFO org.apache.juli.logging.DirectJDKLog [main] Starting ProtocolHandler ["http-nio-8090"]
2018-11-29 14:32:32,743 INFO org.apache.juli.logging.DirectJDKLog [main] Using a shared selector for servlet write/read
2018-11-29 14:32:42,572 INFO org.apache.juli.logging.DirectJDKLog [http-nio-8090-exec-1] Initializing Spring DispatcherServlet 'dispatcherServlet'
2018-11-29 14:38:23,537 INFO com.zaxxer.hikari.HikariDataSource [Thread-12] HikariPool-1 - Shutdown initiated...
2018-11-29 14:38:23,541 INFO com.zaxxer.hikari.HikariDataSource [Thread-12] HikariPool-1 - Shutdown completed.
2018-11-29 14:39:59,114 INFO org.apache.juli.logging.DirectJDKLog [main] Initializing ProtocolHandler ["http-nio-8090"]
2018-11-29 14:39:59,117 INFO org.apache.juli.logging.DirectJDKLog [main] Starting service [Tomcat]
2018-11-29 14:39:59,117 INFO org.apache.juli.logging.DirectJDKLog [main] Starting Servlet Engine: Apache Tomcat/9.0.12
2018-11-29 14:39:59,121 INFO org.apache.juli.logging.DirectJDKLog [main] The APR based Apache Tomcat Native library which allows optimal performance in production environments was not found on the java.library.path: [/Users/jay/Library/Java/Extensions:/Library/Java/Extensions:/Network/Library/Java/Extensions:/System/Library/Java/Extensions:/usr/lib/java:.]
2018-11-29 14:39:59,197 INFO org.apache.juli.logging.DirectJDKLog [main] Initializing Spring embedded WebApplicationContext
2018-11-29 14:39:59,284 INFO org.flywaydb.core.internal.logging.slf4j.Slf4jLog [main] Flyway Community Edition 5.2.1 by Boxfuse
2018-11-29 14:39:59,302 INFO com.zaxxer.hikari.HikariDataSource [main] HikariPool-1 - Starting...
2018-11-29 14:39:59,400 INFO com.zaxxer.hikari.HikariDataSource [main] HikariPool-1 - Start completed.
2018-11-29 14:39:59,402 INFO org.flywaydb.core.internal.logging.slf4j.Slf4jLog [main] Database: jdbc:h2:mem:testdb (H2 1.4)
2018-11-29 14:39:59,448 INFO org.flywaydb.core.internal.logging.slf4j.Slf4jLog [main] Successfully validated 1 migration (execution time 00:00.008s)
2018-11-29 14:39:59,455 INFO org.flywaydb.core.internal.logging.slf4j.Slf4jLog [main] Creating Schema History table: "PUBLIC"."flyway_schema_history"
2018-11-29 14:39:59,469 INFO org.flywaydb.core.internal.logging.slf4j.Slf4jLog [main] Current version of schema "PUBLIC": << Empty Schema >>
2018-11-29 14:39:59,470 INFO org.flywaydb.core.internal.logging.slf4j.Slf4jLog [main] Migrating schema "PUBLIC" to version 1.0 - CreateUserAndTransactions
2018-11-29 14:39:59,480 INFO org.flywaydb.core.internal.logging.slf4j.Slf4jLog [main] Successfully applied 1 migration to schema "PUBLIC" (execution time 00:00.028s)
2018-11-29 14:39:59,543 INFO org.hibernate.jpa.internal.util.LogHelper [main] HHH000204: Processing PersistenceUnitInfo [
	name: default
	...]
2018-11-29 14:39:59,575 INFO org.hibernate.Version [main] HHH000412: Hibernate Core {5.3.7.Final}
2018-11-29 14:39:59,576 INFO org.hibernate.cfg.Environment [main] HHH000206: hibernate.properties not found
2018-11-29 14:39:59,646 INFO org.hibernate.annotations.common.reflection.java.JavaReflectionManager [main] HCANN000001: Hibernate Commons Annotations {5.0.4.Final}
2018-11-29 14:39:59,718 INFO org.hibernate.dialect.Dialect [main] HHH000400: Using dialect: org.hibernate.dialect.H2Dialect
2018-11-29 14:40:00,255 WARN com.netflix.config.sources.URLConfigurationSource [main] No URLs will be polled as dynamic configuration sources.
2018-11-29 14:40:00,255 INFO com.netflix.config.sources.URLConfigurationSource [main] To enable URLs as dynamic configuration sources, define System property archaius.configurationSource.additionalUrls or make config.properties available on classpath.
2018-11-29 14:40:00,258 WARN com.netflix.config.sources.URLConfigurationSource [main] No URLs will be polled as dynamic configuration sources.
2018-11-29 14:40:00,258 INFO com.netflix.config.sources.URLConfigurationSource [main] To enable URLs as dynamic configuration sources, define System property archaius.configurationSource.additionalUrls or make config.properties available on classpath.
2018-11-29 14:40:00,591 INFO org.apache.juli.logging.DirectJDKLog [main] Starting ProtocolHandler ["http-nio-8090"]
2018-11-29 14:40:00,609 INFO org.apache.juli.logging.DirectJDKLog [main] Using a shared selector for servlet write/read
2018-11-29 14:40:09,077 INFO org.apache.juli.logging.DirectJDKLog [http-nio-8090-exec-1] Initializing Spring DispatcherServlet 'dispatcherServlet'
2018-11-29 14:40:09,132 INFO org.hibernate.hql.internal.QueryTranslatorFactoryInitiator [http-nio-8090-exec-1] HHH000397: Using ASTQueryTranslatorFactory
2018-11-29 14:42:22,358 INFO com.zaxxer.hikari.HikariDataSource [Thread-12] HikariPool-1 - Shutdown initiated...
2018-11-29 14:42:22,359 INFO com.zaxxer.hikari.HikariDataSource [Thread-12] HikariPool-1 - Shutdown completed.
2018-11-29 14:44:29,352 INFO org.apache.juli.logging.DirectJDKLog [main] Initializing ProtocolHandler ["http-nio-8090"]
2018-11-29 14:44:29,355 INFO org.apache.juli.logging.DirectJDKLog [main] Starting service [Tomcat]
2018-11-29 14:44:29,355 INFO org.apache.juli.logging.DirectJDKLog [main] Starting Servlet Engine: Apache Tomcat/9.0.12
2018-11-29 14:44:29,359 INFO org.apache.juli.logging.DirectJDKLog [main] The APR based Apache Tomcat Native library which allows optimal performance in production environments was not found on the java.library.path: [/Users/jay/Library/Java/Extensions:/Library/Java/Extensions:/Network/Library/Java/Extensions:/System/Library/Java/Extensions:/usr/lib/java:.]
2018-11-29 14:44:29,451 INFO org.apache.juli.logging.DirectJDKLog [main] Initializing Spring embedded WebApplicationContext
2018-11-29 14:44:29,536 INFO org.flywaydb.core.internal.logging.slf4j.Slf4jLog [main] Flyway Community Edition 5.2.1 by Boxfuse
2018-11-29 14:44:29,554 INFO com.zaxxer.hikari.HikariDataSource [main] HikariPool-1 - Starting...
2018-11-29 14:44:29,647 INFO com.zaxxer.hikari.HikariDataSource [main] HikariPool-1 - Start completed.
2018-11-29 14:44:29,650 INFO org.flywaydb.core.internal.logging.slf4j.Slf4jLog [main] Database: jdbc:h2:mem:testdb (H2 1.4)
2018-11-29 14:44:29,696 INFO org.flywaydb.core.internal.logging.slf4j.Slf4jLog [main] Successfully validated 1 migration (execution time 00:00.010s)
2018-11-29 14:44:29,704 INFO org.flywaydb.core.internal.logging.slf4j.Slf4jLog [main] Creating Schema History table: "PUBLIC"."flyway_schema_history"
2018-11-29 14:44:29,717 INFO org.flywaydb.core.internal.logging.slf4j.Slf4jLog [main] Current version of schema "PUBLIC": << Empty Schema >>
2018-11-29 14:44:29,718 INFO org.flywaydb.core.internal.logging.slf4j.Slf4jLog [main] Migrating schema "PUBLIC" to version 1.0 - CreateUserAndTransactions
2018-11-29 14:44:29,729 INFO org.flywaydb.core.internal.logging.slf4j.Slf4jLog [main] Successfully applied 1 migration to schema "PUBLIC" (execution time 00:00.027s)
2018-11-29 14:44:29,792 INFO org.hibernate.jpa.internal.util.LogHelper [main] HHH000204: Processing PersistenceUnitInfo [
	name: default
	...]
2018-11-29 14:44:29,824 INFO org.hibernate.Version [main] HHH000412: Hibernate Core {5.3.7.Final}
2018-11-29 14:44:29,825 INFO org.hibernate.cfg.Environment [main] HHH000206: hibernate.properties not found
2018-11-29 14:44:29,897 INFO org.hibernate.annotations.common.reflection.java.JavaReflectionManager [main] HCANN000001: Hibernate Commons Annotations {5.0.4.Final}
2018-11-29 14:44:29,973 INFO org.hibernate.dialect.Dialect [main] HHH000400: Using dialect: org.hibernate.dialect.H2Dialect
2018-11-29 14:44:30,464 WARN com.netflix.config.sources.URLConfigurationSource [main] No URLs will be polled as dynamic configuration sources.
2018-11-29 14:44:30,465 INFO com.netflix.config.sources.URLConfigurationSource [main] To enable URLs as dynamic configuration sources, define System property archaius.configurationSource.additionalUrls or make config.properties available on classpath.
2018-11-29 14:44:30,467 WARN com.netflix.config.sources.URLConfigurationSource [main] No URLs will be polled as dynamic configuration sources.
2018-11-29 14:44:30,467 INFO com.netflix.config.sources.URLConfigurationSource [main] To enable URLs as dynamic configuration sources, define System property archaius.configurationSource.additionalUrls or make config.properties available on classpath.
2018-11-29 14:44:30,747 INFO org.apache.juli.logging.DirectJDKLog [main] Starting ProtocolHandler ["http-nio-8090"]
2018-11-29 14:44:30,765 INFO org.apache.juli.logging.DirectJDKLog [main] Using a shared selector for servlet write/read
2018-11-29 14:44:36,548 INFO org.apache.juli.logging.DirectJDKLog [http-nio-8090-exec-1] Initializing Spring DispatcherServlet 'dispatcherServlet'
2018-11-29 14:44:36,612 INFO org.hibernate.hql.internal.QueryTranslatorFactoryInitiator [http-nio-8090-exec-1] HHH000397: Using ASTQueryTranslatorFactory
2018-11-29 14:44:58,471 INFO com.zaxxer.hikari.HikariDataSource [Thread-12] HikariPool-1 - Shutdown initiated...
2018-11-29 14:44:58,473 INFO com.zaxxer.hikari.HikariDataSource [Thread-12] HikariPool-1 - Shutdown completed.
2018-11-29 14:47:52,124 INFO org.apache.juli.logging.DirectJDKLog [main] Initializing ProtocolHandler ["http-nio-8090"]
2018-11-29 14:47:52,127 INFO org.apache.juli.logging.DirectJDKLog [main] Starting service [Tomcat]
2018-11-29 14:47:52,127 INFO org.apache.juli.logging.DirectJDKLog [main] Starting Servlet Engine: Apache Tomcat/9.0.12
2018-11-29 14:47:52,131 INFO org.apache.juli.logging.DirectJDKLog [main] The APR based Apache Tomcat Native library which allows optimal performance in production environments was not found on the java.library.path: [/Users/jay/Library/Java/Extensions:/Library/Java/Extensions:/Network/Library/Java/Extensions:/System/Library/Java/Extensions:/usr/lib/java:.]
2018-11-29 14:47:52,218 INFO org.apache.juli.logging.DirectJDKLog [main] Initializing Spring embedded WebApplicationContext
2018-11-29 14:47:52,304 INFO org.flywaydb.core.internal.logging.slf4j.Slf4jLog [main] Flyway Community Edition 5.2.1 by Boxfuse
2018-11-29 14:47:52,323 INFO com.zaxxer.hikari.HikariDataSource [main] HikariPool-1 - Starting...
2018-11-29 14:47:52,415 INFO com.zaxxer.hikari.HikariDataSource [main] HikariPool-1 - Start completed.
2018-11-29 14:47:52,418 INFO org.flywaydb.core.internal.logging.slf4j.Slf4jLog [main] Database: jdbc:h2:mem:testdb (H2 1.4)
2018-11-29 14:47:52,466 INFO org.flywaydb.core.internal.logging.slf4j.Slf4jLog [main] Successfully validated 1 migration (execution time 00:00.010s)
2018-11-29 14:47:52,474 INFO org.flywaydb.core.internal.logging.slf4j.Slf4jLog [main] Creating Schema History table: "PUBLIC"."flyway_schema_history"
2018-11-29 14:47:52,487 INFO org.flywaydb.core.internal.logging.slf4j.Slf4jLog [main] Current version of schema "PUBLIC": << Empty Schema >>
2018-11-29 14:47:52,488 INFO org.flywaydb.core.internal.logging.slf4j.Slf4jLog [main] Migrating schema "PUBLIC" to version 1.0 - CreateUserAndTransactions
2018-11-29 14:47:52,499 INFO org.flywaydb.core.internal.logging.slf4j.Slf4jLog [main] Successfully applied 1 migration to schema "PUBLIC" (execution time 00:00.027s)
2018-11-29 14:47:52,562 INFO org.hibernate.jpa.internal.util.LogHelper [main] HHH000204: Processing PersistenceUnitInfo [
	name: default
	...]
2018-11-29 14:47:52,594 INFO org.hibernate.Version [main] HHH000412: Hibernate Core {5.3.7.Final}
2018-11-29 14:47:52,595 INFO org.hibernate.cfg.Environment [main] HHH000206: hibernate.properties not found
2018-11-29 14:47:52,668 INFO org.hibernate.annotations.common.reflection.java.JavaReflectionManager [main] HCANN000001: Hibernate Commons Annotations {5.0.4.Final}
2018-11-29 14:47:52,741 INFO org.hibernate.dialect.Dialect [main] HHH000400: Using dialect: org.hibernate.dialect.H2Dialect
2018-11-29 14:47:53,250 WARN com.netflix.config.sources.URLConfigurationSource [main] No URLs will be polled as dynamic configuration sources.
2018-11-29 14:47:53,251 INFO com.netflix.config.sources.URLConfigurationSource [main] To enable URLs as dynamic configuration sources, define System property archaius.configurationSource.additionalUrls or make config.properties available on classpath.
2018-11-29 14:47:53,253 WARN com.netflix.config.sources.URLConfigurationSource [main] No URLs will be polled as dynamic configuration sources.
2018-11-29 14:47:53,253 INFO com.netflix.config.sources.URLConfigurationSource [main] To enable URLs as dynamic configuration sources, define System property archaius.configurationSource.additionalUrls or make config.properties available on classpath.
2018-11-29 14:47:53,545 INFO org.apache.juli.logging.DirectJDKLog [main] Starting ProtocolHandler ["http-nio-8090"]
2018-11-29 14:47:53,563 INFO org.apache.juli.logging.DirectJDKLog [main] Using a shared selector for servlet write/read
2018-11-29 14:48:00,105 INFO org.apache.juli.logging.DirectJDKLog [http-nio-8090-exec-1] Initializing Spring DispatcherServlet 'dispatcherServlet'
2018-11-29 14:48:00,165 INFO org.hibernate.hql.internal.QueryTranslatorFactoryInitiator [http-nio-8090-exec-1] HHH000397: Using ASTQueryTranslatorFactory
2018-11-29 14:48:19,587 INFO com.zaxxer.hikari.HikariDataSource [Thread-12] HikariPool-1 - Shutdown initiated...
2018-11-29 14:48:19,589 INFO com.zaxxer.hikari.HikariDataSource [Thread-12] HikariPool-1 - Shutdown completed.
2018-11-29 15:02:09,359 INFO org.apache.juli.logging.DirectJDKLog [main] Initializing ProtocolHandler ["http-nio-8090"]
2018-11-29 15:02:09,363 INFO org.apache.juli.logging.DirectJDKLog [main] Starting service [Tomcat]
2018-11-29 15:02:09,363 INFO org.apache.juli.logging.DirectJDKLog [main] Starting Servlet Engine: Apache Tomcat/9.0.12
2018-11-29 15:02:09,367 INFO org.apache.juli.logging.DirectJDKLog [main] The APR based Apache Tomcat Native library which allows optimal performance in production environments was not found on the java.library.path: [/Users/jay/Library/Java/Extensions:/Library/Java/Extensions:/Network/Library/Java/Extensions:/System/Library/Java/Extensions:/usr/lib/java:.]
2018-11-29 15:02:09,452 INFO org.apache.juli.logging.DirectJDKLog [main] Initializing Spring embedded WebApplicationContext
2018-11-29 15:02:09,551 INFO org.flywaydb.core.internal.logging.slf4j.Slf4jLog [main] Flyway Community Edition 5.2.1 by Boxfuse
2018-11-29 15:02:09,575 INFO com.zaxxer.hikari.HikariDataSource [main] HikariPool-1 - Starting...
2018-11-29 15:02:09,678 INFO com.zaxxer.hikari.HikariDataSource [main] HikariPool-1 - Start completed.
2018-11-29 15:02:09,681 INFO org.flywaydb.core.internal.logging.slf4j.Slf4jLog [main] Database: jdbc:h2:mem:testdb (H2 1.4)
2018-11-29 15:02:09,727 INFO org.flywaydb.core.internal.logging.slf4j.Slf4jLog [main] Successfully validated 1 migration (execution time 00:00.009s)
2018-11-29 15:02:09,735 INFO org.flywaydb.core.internal.logging.slf4j.Slf4jLog [main] Creating Schema History table: "PUBLIC"."flyway_schema_history"
2018-11-29 15:02:09,749 INFO org.flywaydb.core.internal.logging.slf4j.Slf4jLog [main] Current version of schema "PUBLIC": << Empty Schema >>
2018-11-29 15:02:09,749 INFO org.flywaydb.core.internal.logging.slf4j.Slf4jLog [main] Migrating schema "PUBLIC" to version 1.0 - CreateUserAndTransactions
2018-11-29 15:02:09,761 INFO org.flywaydb.core.internal.logging.slf4j.Slf4jLog [main] Successfully applied 1 migration to schema "PUBLIC" (execution time 00:00.029s)
2018-11-29 15:02:09,833 INFO org.hibernate.jpa.internal.util.LogHelper [main] HHH000204: Processing PersistenceUnitInfo [
	name: default
	...]
2018-11-29 15:02:09,868 INFO org.hibernate.Version [main] HHH000412: Hibernate Core {5.3.7.Final}
2018-11-29 15:02:09,869 INFO org.hibernate.cfg.Environment [main] HHH000206: hibernate.properties not found
2018-11-29 15:02:09,939 INFO org.hibernate.annotations.common.reflection.java.JavaReflectionManager [main] HCANN000001: Hibernate Commons Annotations {5.0.4.Final}
2018-11-29 15:02:10,009 INFO org.hibernate.dialect.Dialect [main] HHH000400: Using dialect: org.hibernate.dialect.H2Dialect
2018-11-29 15:02:10,512 WARN com.netflix.config.sources.URLConfigurationSource [main] No URLs will be polled as dynamic configuration sources.
2018-11-29 15:02:10,512 INFO com.netflix.config.sources.URLConfigurationSource [main] To enable URLs as dynamic configuration sources, define System property archaius.configurationSource.additionalUrls or make config.properties available on classpath.
2018-11-29 15:02:10,514 WARN com.netflix.config.sources.URLConfigurationSource [main] No URLs will be polled as dynamic configuration sources.
2018-11-29 15:02:10,515 INFO com.netflix.config.sources.URLConfigurationSource [main] To enable URLs as dynamic configuration sources, define System property archaius.configurationSource.additionalUrls or make config.properties available on classpath.
2018-11-29 15:02:10,845 INFO org.apache.juli.logging.DirectJDKLog [main] Starting ProtocolHandler ["http-nio-8090"]
2018-11-29 15:02:10,862 INFO org.apache.juli.logging.DirectJDKLog [main] Using a shared selector for servlet write/read
2018-11-29 15:02:18,914 INFO org.apache.juli.logging.DirectJDKLog [http-nio-8090-exec-1] Initializing Spring DispatcherServlet 'dispatcherServlet'
2018-11-29 15:07:41,842 INFO com.zaxxer.hikari.HikariDataSource [Thread-12] HikariPool-1 - Shutdown initiated...
2018-11-29 15:07:41,844 INFO com.zaxxer.hikari.HikariDataSource [Thread-12] HikariPool-1 - Shutdown completed.
2018-11-29 15:51:30,624 INFO org.apache.juli.logging.DirectJDKLog [main] Initializing ProtocolHandler ["http-nio-8090"]
2018-11-29 15:51:30,628 INFO org.apache.juli.logging.DirectJDKLog [main] Starting service [Tomcat]
2018-11-29 15:51:30,628 INFO org.apache.juli.logging.DirectJDKLog [main] Starting Servlet Engine: Apache Tomcat/9.0.12
2018-11-29 15:51:30,632 INFO org.apache.juli.logging.DirectJDKLog [main] The APR based Apache Tomcat Native library which allows optimal performance in production environments was not found on the java.library.path: [/Users/jay/Library/Java/Extensions:/Library/Java/Extensions:/Network/Library/Java/Extensions:/System/Library/Java/Extensions:/usr/lib/java:.]
2018-11-29 15:51:30,727 INFO org.apache.juli.logging.DirectJDKLog [main] Initializing Spring embedded WebApplicationContext
2018-11-29 15:51:30,811 INFO org.flywaydb.core.internal.logging.slf4j.Slf4jLog [main] Flyway Community Edition 5.2.1 by Boxfuse
2018-11-29 15:51:30,830 INFO com.zaxxer.hikari.HikariDataSource [main] HikariPool-1 - Starting...
2018-11-29 15:51:30,926 INFO com.zaxxer.hikari.HikariDataSource [main] HikariPool-1 - Start completed.
2018-11-29 15:51:30,929 INFO org.flywaydb.core.internal.logging.slf4j.Slf4jLog [main] Database: jdbc:h2:mem:testdb (H2 1.4)
2018-11-29 15:51:30,975 INFO org.flywaydb.core.internal.logging.slf4j.Slf4jLog [main] Successfully validated 1 migration (execution time 00:00.011s)
2018-11-29 15:51:30,984 INFO org.flywaydb.core.internal.logging.slf4j.Slf4jLog [main] Creating Schema History table: "PUBLIC"."flyway_schema_history"
2018-11-29 15:51:30,998 INFO org.flywaydb.core.internal.logging.slf4j.Slf4jLog [main] Current version of schema "PUBLIC": << Empty Schema >>
2018-11-29 15:51:30,998 INFO org.flywaydb.core.internal.logging.slf4j.Slf4jLog [main] Migrating schema "PUBLIC" to version 1.0 - CreateUserAndTransactions
2018-11-29 15:51:31,007 ERROR org.flywaydb.core.internal.logging.slf4j.Slf4jLog [main] Migration of schema "PUBLIC" to version 1.0 - CreateUserAndTransactions failed! Please restore backups and roll back database and code!
2018-11-29 15:51:31,012 INFO com.zaxxer.hikari.HikariDataSource [main] HikariPool-1 - Shutdown initiated...
2018-11-29 15:51:31,013 INFO com.zaxxer.hikari.HikariDataSource [main] HikariPool-1 - Shutdown completed.
2018-11-29 15:51:31,014 INFO org.apache.juli.logging.DirectJDKLog [main] Stopping service [Tomcat]
2018-11-29 15:51:31,027 ERROR org.springframework.boot.SpringApplication [main] Application run failed
org.springframework.beans.factory.BeanCreationException: Error creating bean with name 'flywayInitializer' defined in class path resource [org/springframework/boot/autoconfigure/flyway/FlywayAutoConfiguration$FlywayConfiguration.class]: Invocation of init method failed; nested exception is org.flywaydb.core.internal.command.DbMigrate$FlywayMigrateException: 
Migration V1.0__CreateUserAndTransactions.sql failed
----------------------------------------------------
SQL State  : 42001
Error Code : 42001
Message    : Syntax error in SQL statement "INSERT IGNORE[*] INTO TRANSACTIONS VALUES(1, 1, 'James.Bond',50.0, '2011-03-04', 2,'Tom.Hanks') "; expected "INTO"; SQL statement:
INSERT IGNORE INTO transactions VALUES(1, 1, 'James.Bond',50.0, '2011-03-04', 2,'Tom.Hanks') [42001-197]
Location   : db/migration/V1.0__CreateUserAndTransactions.sql (/Users/jay/Documents/Git/nabPreparation/out/production/resources/db/migration/V1.0__CreateUserAndTransactions.sql)
Line       : 21
Statement  : INSERT IGNORE INTO transactions VALUES(1, 1, 'James.Bond',50.0, '2011-03-04', 2,'Tom.Hanks')

	at org.springframework.beans.factory.support.AbstractAutowireCapableBeanFactory.initializeBean(AbstractAutowireCapableBeanFactory.java:1745)
	at org.springframework.beans.factory.support.AbstractAutowireCapableBeanFactory.doCreateBean(AbstractAutowireCapableBeanFactory.java:576)
	at org.springframework.beans.factory.support.AbstractAutowireCapableBeanFactory.createBean(AbstractAutowireCapableBeanFactory.java:498)
	at org.springframework.beans.factory.support.AbstractBeanFactory.lambda$doGetBean$0(AbstractBeanFactory.java:320)
	at org.springframework.beans.factory.support.DefaultSingletonBeanRegistry.getSingleton(DefaultSingletonBeanRegistry.java:222)
	at org.springframework.beans.factory.support.AbstractBeanFactory.doGetBean(AbstractBeanFactory.java:318)
	at org.springframework.beans.factory.support.AbstractBeanFactory.getBean(AbstractBeanFactory.java:199)
	at org.springframework.beans.factory.support.AbstractBeanFactory.doGetBean(AbstractBeanFactory.java:307)
	at org.springframework.beans.factory.support.AbstractBeanFactory.getBean(AbstractBeanFactory.java:199)
	at org.springframework.context.support.AbstractApplicationContext.getBean(AbstractApplicationContext.java:1083)
	at org.springframework.context.support.AbstractApplicationContext.finishBeanFactoryInitialization(AbstractApplicationContext.java:853)
	at org.springframework.context.support.AbstractApplicationContext.refresh(AbstractApplicationContext.java:546)
	at org.springframework.boot.web.servlet.context.ServletWebServerApplicationContext.refresh(ServletWebServerApplicationContext.java:140)
	at org.springframework.boot.SpringApplication.refresh(SpringApplication.java:775)
	at org.springframework.boot.SpringApplication.refreshContext(SpringApplication.java:397)
	at org.springframework.boot.SpringApplication.run(SpringApplication.java:316)
	at org.springframework.boot.SpringApplication.run(SpringApplication.java:1260)
	at org.springframework.boot.SpringApplication.run(SpringApplication.java:1248)
	at com.shineSolutions.nabPreparation.NabPreparationApplication.main(NabPreparationApplication.java:10)
Caused by: org.flywaydb.core.internal.command.DbMigrate$FlywayMigrateException: 
Migration V1.0__CreateUserAndTransactions.sql failed
----------------------------------------------------
SQL State  : 42001
Error Code : 42001
Message    : Syntax error in SQL statement "INSERT IGNORE[*] INTO TRANSACTIONS VALUES(1, 1, 'James.Bond',50.0, '2011-03-04', 2,'Tom.Hanks') "; expected "INTO"; SQL statement:
INSERT IGNORE INTO transactions VALUES(1, 1, 'James.Bond',50.0, '2011-03-04', 2,'Tom.Hanks') [42001-197]
Location   : db/migration/V1.0__CreateUserAndTransactions.sql (/Users/jay/Documents/Git/nabPreparation/out/production/resources/db/migration/V1.0__CreateUserAndTransactions.sql)
Line       : 21
Statement  : INSERT IGNORE INTO transactions VALUES(1, 1, 'James.Bond',50.0, '2011-03-04', 2,'Tom.Hanks')

	at org.flywaydb.core.internal.command.DbMigrate.doMigrateGroup(DbMigrate.java:370)
	at org.flywaydb.core.internal.command.DbMigrate.access$200(DbMigrate.java:54)
	at org.flywaydb.core.internal.command.DbMigrate$3.call(DbMigrate.java:284)
	at org.flywaydb.core.internal.jdbc.TransactionTemplate.execute(TransactionTemplate.java:74)
	at org.flywaydb.core.internal.command.DbMigrate.applyMigrations(DbMigrate.java:281)
	at org.flywaydb.core.internal.command.DbMigrate.migrateGroup(DbMigrate.java:246)
	at org.flywaydb.core.internal.command.DbMigrate.access$100(DbMigrate.java:54)
	at org.flywaydb.core.internal.command.DbMigrate$2.call(DbMigrate.java:164)
	at org.flywaydb.core.internal.command.DbMigrate$2.call(DbMigrate.java:161)
	at org.flywaydb.core.internal.database.base.Connection$1.call(Connection.java:147)
	at org.flywaydb.core.internal.jdbc.TransactionTemplate.execute(TransactionTemplate.java:74)
	at org.flywaydb.core.internal.database.base.Connection.lock(Connection.java:143)
	at org.flywaydb.core.internal.schemahistory.JdbcTableSchemaHistory.lock(JdbcTableSchemaHistory.java:155)
	at org.flywaydb.core.internal.command.DbMigrate.migrateAll(DbMigrate.java:161)
	at org.flywaydb.core.internal.command.DbMigrate.migrate(DbMigrate.java:139)
	at org.flywaydb.core.Flyway$1.execute(Flyway.java:1380)
	at org.flywaydb.core.Flyway$1.execute(Flyway.java:1341)
	at org.flywaydb.core.Flyway.execute(Flyway.java:1696)
	at org.flywaydb.core.Flyway.migrate(Flyway.java:1341)
	at org.springframework.boot.autoconfigure.flyway.FlywayMigrationInitializer.afterPropertiesSet(FlywayMigrationInitializer.java:66)
	at org.springframework.beans.factory.support.AbstractAutowireCapableBeanFactory.invokeInitMethods(AbstractAutowireCapableBeanFactory.java:1804)
	at org.springframework.beans.factory.support.AbstractAutowireCapableBeanFactory.initializeBean(AbstractAutowireCapableBeanFactory.java:1741)
	... 18 common frames omitted
Caused by: org.flywaydb.core.internal.sqlscript.FlywaySqlScriptException: 
Migration V1.0__CreateUserAndTransactions.sql failed
----------------------------------------------------
SQL State  : 42001
Error Code : 42001
Message    : Syntax error in SQL statement "INSERT IGNORE[*] INTO TRANSACTIONS VALUES(1, 1, 'James.Bond',50.0, '2011-03-04', 2,'Tom.Hanks') "; expected "INTO"; SQL statement:
INSERT IGNORE INTO transactions VALUES(1, 1, 'James.Bond',50.0, '2011-03-04', 2,'Tom.Hanks') [42001-197]
Location   : db/migration/V1.0__CreateUserAndTransactions.sql (/Users/jay/Documents/Git/nabPreparation/out/production/resources/db/migration/V1.0__CreateUserAndTransactions.sql)
Line       : 21
Statement  : INSERT IGNORE INTO transactions VALUES(1, 1, 'James.Bond',50.0, '2011-03-04', 2,'Tom.Hanks')

	at org.flywaydb.core.internal.sqlscript.DefaultSqlScriptExecutor.handleException(DefaultSqlScriptExecutor.java:249)
	at org.flywaydb.core.internal.sqlscript.DefaultSqlScriptExecutor.executeStatement(DefaultSqlScriptExecutor.java:202)
	at org.flywaydb.core.internal.sqlscript.DefaultSqlScriptExecutor.execute(DefaultSqlScriptExecutor.java:125)
	at org.flywaydb.core.internal.resolver.sql.SqlMigrationExecutor.execute(SqlMigrationExecutor.java:77)
	at org.flywaydb.core.internal.command.DbMigrate.doMigrateGroup(DbMigrate.java:367)
	... 39 common frames omitted
Caused by: org.h2.jdbc.JdbcSQLException: Syntax error in SQL statement "INSERT IGNORE[*] INTO TRANSACTIONS VALUES(1, 1, 'James.Bond',50.0, '2011-03-04', 2,'Tom.Hanks') "; expected "INTO"; SQL statement:
INSERT IGNORE INTO transactions VALUES(1, 1, 'James.Bond',50.0, '2011-03-04', 2,'Tom.Hanks') [42001-197]
	at org.h2.message.DbException.getJdbcSQLException(DbException.java:357)
	at org.h2.message.DbException.getSyntaxError(DbException.java:217)
	at org.h2.command.Parser.getSyntaxError(Parser.java:555)
	at org.h2.command.Parser.read(Parser.java:3518)
	at org.h2.command.Parser.parseInsert(Parser.java:1219)
	at org.h2.command.Parser.parsePrepared(Parser.java:431)
	at org.h2.command.Parser.parse(Parser.java:335)
	at org.h2.command.Parser.parse(Parser.java:311)
	at org.h2.command.Parser.prepareCommand(Parser.java:278)
	at org.h2.engine.Session.prepareLocal(Session.java:611)
	at org.h2.engine.Session.prepareCommand(Session.java:549)
	at org.h2.jdbc.JdbcConnection.prepareCommand(JdbcConnection.java:1247)
	at org.h2.jdbc.JdbcStatement.executeInternal(JdbcStatement.java:217)
	at org.h2.jdbc.JdbcStatement.execute(JdbcStatement.java:205)
	at com.zaxxer.hikari.pool.ProxyStatement.execute(ProxyStatement.java:95)
	at com.zaxxer.hikari.pool.HikariProxyStatement.execute(HikariProxyStatement.java)
	at org.flywaydb.core.internal.jdbc.JdbcTemplate.executeStatement(JdbcTemplate.java:235)
	at org.flywaydb.core.internal.sqlscript.StandardSqlStatement.execute(StandardSqlStatement.java:42)
	at org.flywaydb.core.internal.sqlscript.DefaultSqlScriptExecutor.executeStatement(DefaultSqlScriptExecutor.java:189)
	... 42 common frames omitted
2018-11-29 15:52:10,852 INFO org.apache.juli.logging.DirectJDKLog [main] Initializing ProtocolHandler ["http-nio-8090"]
2018-11-29 15:52:10,855 INFO org.apache.juli.logging.DirectJDKLog [main] Starting service [Tomcat]
2018-11-29 15:52:10,856 INFO org.apache.juli.logging.DirectJDKLog [main] Starting Servlet Engine: Apache Tomcat/9.0.12
2018-11-29 15:52:10,860 INFO org.apache.juli.logging.DirectJDKLog [main] The APR based Apache Tomcat Native library which allows optimal performance in production environments was not found on the java.library.path: [/Users/jay/Library/Java/Extensions:/Library/Java/Extensions:/Network/Library/Java/Extensions:/System/Library/Java/Extensions:/usr/lib/java:.]
2018-11-29 15:52:10,945 INFO org.apache.juli.logging.DirectJDKLog [main] Initializing Spring embedded WebApplicationContext
2018-11-29 15:52:11,045 INFO org.flywaydb.core.internal.logging.slf4j.Slf4jLog [main] Flyway Community Edition 5.2.1 by Boxfuse
2018-11-29 15:52:11,068 INFO com.zaxxer.hikari.HikariDataSource [main] HikariPool-1 - Starting...
2018-11-29 15:52:11,203 INFO com.zaxxer.hikari.HikariDataSource [main] HikariPool-1 - Start completed.
2018-11-29 15:52:11,206 INFO org.flywaydb.core.internal.logging.slf4j.Slf4jLog [main] Database: jdbc:h2:mem:testdb (H2 1.4)
2018-11-29 15:52:11,252 INFO org.flywaydb.core.internal.logging.slf4j.Slf4jLog [main] Successfully validated 1 migration (execution time 00:00.010s)
2018-11-29 15:52:11,259 INFO org.flywaydb.core.internal.logging.slf4j.Slf4jLog [main] Creating Schema History table: "PUBLIC"."flyway_schema_history"
2018-11-29 15:52:11,273 INFO org.flywaydb.core.internal.logging.slf4j.Slf4jLog [main] Current version of schema "PUBLIC": << Empty Schema >>
2018-11-29 15:52:11,273 INFO org.flywaydb.core.internal.logging.slf4j.Slf4jLog [main] Migrating schema "PUBLIC" to version 1.0 - CreateUserAndTransactions
2018-11-29 15:52:11,288 INFO org.flywaydb.core.internal.logging.slf4j.Slf4jLog [main] Successfully applied 1 migration to schema "PUBLIC" (execution time 00:00.031s)
2018-11-29 15:52:11,353 INFO org.hibernate.jpa.internal.util.LogHelper [main] HHH000204: Processing PersistenceUnitInfo [
	name: default
	...]
2018-11-29 15:52:11,386 INFO org.hibernate.Version [main] HHH000412: Hibernate Core {5.3.7.Final}
2018-11-29 15:52:11,387 INFO org.hibernate.cfg.Environment [main] HHH000206: hibernate.properties not found
2018-11-29 15:52:11,455 INFO org.hibernate.annotations.common.reflection.java.JavaReflectionManager [main] HCANN000001: Hibernate Commons Annotations {5.0.4.Final}
2018-11-29 15:52:11,528 INFO org.hibernate.dialect.Dialect [main] HHH000400: Using dialect: org.hibernate.dialect.H2Dialect
2018-11-29 15:52:12,037 WARN com.netflix.config.sources.URLConfigurationSource [main] No URLs will be polled as dynamic configuration sources.
2018-11-29 15:52:12,037 INFO com.netflix.config.sources.URLConfigurationSource [main] To enable URLs as dynamic configuration sources, define System property archaius.configurationSource.additionalUrls or make config.properties available on classpath.
2018-11-29 15:52:12,040 WARN com.netflix.config.sources.URLConfigurationSource [main] No URLs will be polled as dynamic configuration sources.
2018-11-29 15:52:12,040 INFO com.netflix.config.sources.URLConfigurationSource [main] To enable URLs as dynamic configuration sources, define System property archaius.configurationSource.additionalUrls or make config.properties available on classpath.
2018-11-29 15:52:12,366 INFO org.apache.juli.logging.DirectJDKLog [main] Starting ProtocolHandler ["http-nio-8090"]
2018-11-29 15:52:12,384 INFO org.apache.juli.logging.DirectJDKLog [main] Using a shared selector for servlet write/read
2018-11-29 15:52:22,344 INFO org.apache.juli.logging.DirectJDKLog [http-nio-8090-exec-1] Initializing Spring DispatcherServlet 'dispatcherServlet'
2018-11-29 15:52:22,419 INFO org.hibernate.hql.internal.QueryTranslatorFactoryInitiator [http-nio-8090-exec-1] HHH000397: Using ASTQueryTranslatorFactory
2018-11-29 15:54:30,393 INFO com.zaxxer.hikari.HikariDataSource [Thread-12] HikariPool-1 - Shutdown initiated...
2018-11-29 15:54:30,395 INFO com.zaxxer.hikari.HikariDataSource [Thread-12] HikariPool-1 - Shutdown completed.
2018-11-29 15:56:09,402 INFO org.apache.juli.logging.DirectJDKLog [main] Initializing ProtocolHandler ["http-nio-8090"]
2018-11-29 15:56:09,405 INFO org.apache.juli.logging.DirectJDKLog [main] Starting service [Tomcat]
2018-11-29 15:56:09,405 INFO org.apache.juli.logging.DirectJDKLog [main] Starting Servlet Engine: Apache Tomcat/9.0.12
2018-11-29 15:56:09,409 INFO org.apache.juli.logging.DirectJDKLog [main] The APR based Apache Tomcat Native library which allows optimal performance in production environments was not found on the java.library.path: [/Users/jay/Library/Java/Extensions:/Library/Java/Extensions:/Network/Library/Java/Extensions:/System/Library/Java/Extensions:/usr/lib/java:.]
2018-11-29 15:56:09,499 INFO org.apache.juli.logging.DirectJDKLog [main] Initializing Spring embedded WebApplicationContext
2018-11-29 15:56:09,587 INFO org.flywaydb.core.internal.logging.slf4j.Slf4jLog [main] Flyway Community Edition 5.2.1 by Boxfuse
2018-11-29 15:56:09,605 INFO com.zaxxer.hikari.HikariDataSource [main] HikariPool-1 - Starting...
2018-11-29 15:56:09,701 INFO com.zaxxer.hikari.HikariDataSource [main] HikariPool-1 - Start completed.
2018-11-29 15:56:09,703 INFO org.flywaydb.core.internal.logging.slf4j.Slf4jLog [main] Database: jdbc:h2:mem:testdb (H2 1.4)
2018-11-29 15:56:09,749 INFO org.flywaydb.core.internal.logging.slf4j.Slf4jLog [main] Successfully validated 1 migration (execution time 00:00.009s)
2018-11-29 15:56:09,757 INFO org.flywaydb.core.internal.logging.slf4j.Slf4jLog [main] Creating Schema History table: "PUBLIC"."flyway_schema_history"
2018-11-29 15:56:09,771 INFO org.flywaydb.core.internal.logging.slf4j.Slf4jLog [main] Current version of schema "PUBLIC": << Empty Schema >>
2018-11-29 15:56:09,772 INFO org.flywaydb.core.internal.logging.slf4j.Slf4jLog [main] Migrating schema "PUBLIC" to version 1.0 - CreateUserAndTransactions
2018-11-29 15:56:09,786 INFO org.flywaydb.core.internal.logging.slf4j.Slf4jLog [main] Successfully applied 1 migration to schema "PUBLIC" (execution time 00:00.032s)
2018-11-29 15:56:09,856 INFO org.hibernate.jpa.internal.util.LogHelper [main] HHH000204: Processing PersistenceUnitInfo [
	name: default
	...]
2018-11-29 15:56:09,892 INFO org.hibernate.Version [main] HHH000412: Hibernate Core {5.3.7.Final}
2018-11-29 15:56:09,893 INFO org.hibernate.cfg.Environment [main] HHH000206: hibernate.properties not found
2018-11-29 15:56:09,965 INFO org.hibernate.annotations.common.reflection.java.JavaReflectionManager [main] HCANN000001: Hibernate Commons Annotations {5.0.4.Final}
2018-11-29 15:56:10,034 INFO org.hibernate.dialect.Dialect [main] HHH000400: Using dialect: org.hibernate.dialect.H2Dialect
2018-11-29 15:56:10,569 WARN com.netflix.config.sources.URLConfigurationSource [main] No URLs will be polled as dynamic configuration sources.
2018-11-29 15:56:10,569 INFO com.netflix.config.sources.URLConfigurationSource [main] To enable URLs as dynamic configuration sources, define System property archaius.configurationSource.additionalUrls or make config.properties available on classpath.
2018-11-29 15:56:10,572 WARN com.netflix.config.sources.URLConfigurationSource [main] No URLs will be polled as dynamic configuration sources.
2018-11-29 15:56:10,572 INFO com.netflix.config.sources.URLConfigurationSource [main] To enable URLs as dynamic configuration sources, define System property archaius.configurationSource.additionalUrls or make config.properties available on classpath.
2018-11-29 15:56:10,867 INFO org.apache.juli.logging.DirectJDKLog [main] Starting ProtocolHandler ["http-nio-8090"]
2018-11-29 15:56:10,885 INFO org.apache.juli.logging.DirectJDKLog [main] Using a shared selector for servlet write/read
2018-11-29 15:56:16,287 INFO org.apache.juli.logging.DirectJDKLog [http-nio-8090-exec-1] Initializing Spring DispatcherServlet 'dispatcherServlet'
2018-11-29 15:56:16,362 INFO org.hibernate.hql.internal.QueryTranslatorFactoryInitiator [http-nio-8090-exec-1] HHH000397: Using ASTQueryTranslatorFactory
2018-11-29 15:56:49,222 INFO com.zaxxer.hikari.HikariDataSource [Thread-12] HikariPool-1 - Shutdown initiated...
2018-11-29 15:56:49,224 INFO com.zaxxer.hikari.HikariDataSource [Thread-12] HikariPool-1 - Shutdown completed.
2018-11-29 15:57:27,627 INFO org.apache.juli.logging.DirectJDKLog [main] Initializing ProtocolHandler ["http-nio-8090"]
2018-11-29 15:57:27,630 INFO org.apache.juli.logging.DirectJDKLog [main] Starting service [Tomcat]
2018-11-29 15:57:27,630 INFO org.apache.juli.logging.DirectJDKLog [main] Starting Servlet Engine: Apache Tomcat/9.0.12
2018-11-29 15:57:27,634 INFO org.apache.juli.logging.DirectJDKLog [main] The APR based Apache Tomcat Native library which allows optimal performance in production environments was not found on the java.library.path: [/Users/jay/Library/Java/Extensions:/Library/Java/Extensions:/Network/Library/Java/Extensions:/System/Library/Java/Extensions:/usr/lib/java:.]
2018-11-29 15:57:27,721 INFO org.apache.juli.logging.DirectJDKLog [main] Initializing Spring embedded WebApplicationContext
2018-11-29 15:57:27,807 INFO org.flywaydb.core.internal.logging.slf4j.Slf4jLog [main] Flyway Community Edition 5.2.1 by Boxfuse
2018-11-29 15:57:27,825 INFO com.zaxxer.hikari.HikariDataSource [main] HikariPool-1 - Starting...
2018-11-29 15:57:27,920 INFO com.zaxxer.hikari.HikariDataSource [main] HikariPool-1 - Start completed.
2018-11-29 15:57:27,923 INFO org.flywaydb.core.internal.logging.slf4j.Slf4jLog [main] Database: jdbc:h2:mem:testdb (H2 1.4)
2018-11-29 15:57:27,969 INFO org.flywaydb.core.internal.logging.slf4j.Slf4jLog [main] Successfully validated 1 migration (execution time 00:00.010s)
2018-11-29 15:57:27,977 INFO org.flywaydb.core.internal.logging.slf4j.Slf4jLog [main] Creating Schema History table: "PUBLIC"."flyway_schema_history"
2018-11-29 15:57:27,990 INFO org.flywaydb.core.internal.logging.slf4j.Slf4jLog [main] Current version of schema "PUBLIC": << Empty Schema >>
2018-11-29 15:57:27,991 INFO org.flywaydb.core.internal.logging.slf4j.Slf4jLog [main] Migrating schema "PUBLIC" to version 1.0 - CreateUserAndTransactions
2018-11-29 15:57:28,004 INFO org.flywaydb.core.internal.logging.slf4j.Slf4jLog [main] Successfully applied 1 migration to schema "PUBLIC" (execution time 00:00.029s)
2018-11-29 15:57:28,067 INFO org.hibernate.jpa.internal.util.LogHelper [main] HHH000204: Processing PersistenceUnitInfo [
	name: default
	...]
2018-11-29 15:57:28,099 INFO org.hibernate.Version [main] HHH000412: Hibernate Core {5.3.7.Final}
2018-11-29 15:57:28,100 INFO org.hibernate.cfg.Environment [main] HHH000206: hibernate.properties not found
2018-11-29 15:57:28,171 INFO org.hibernate.annotations.common.reflection.java.JavaReflectionManager [main] HCANN000001: Hibernate Commons Annotations {5.0.4.Final}
2018-11-29 15:57:28,245 INFO org.hibernate.dialect.Dialect [main] HHH000400: Using dialect: org.hibernate.dialect.H2Dialect
2018-11-29 15:57:28,759 WARN com.netflix.config.sources.URLConfigurationSource [main] No URLs will be polled as dynamic configuration sources.
2018-11-29 15:57:28,760 INFO com.netflix.config.sources.URLConfigurationSource [main] To enable URLs as dynamic configuration sources, define System property archaius.configurationSource.additionalUrls or make config.properties available on classpath.
2018-11-29 15:57:28,762 WARN com.netflix.config.sources.URLConfigurationSource [main] No URLs will be polled as dynamic configuration sources.
2018-11-29 15:57:28,762 INFO com.netflix.config.sources.URLConfigurationSource [main] To enable URLs as dynamic configuration sources, define System property archaius.configurationSource.additionalUrls or make config.properties available on classpath.
2018-11-29 15:57:29,045 INFO org.apache.juli.logging.DirectJDKLog [main] Starting ProtocolHandler ["http-nio-8090"]
2018-11-29 15:57:29,062 INFO org.apache.juli.logging.DirectJDKLog [main] Using a shared selector for servlet write/read
2018-11-29 15:57:43,070 INFO com.zaxxer.hikari.HikariDataSource [Thread-12] HikariPool-1 - Shutdown initiated...
2018-11-29 15:57:43,072 INFO com.zaxxer.hikari.HikariDataSource [Thread-12] HikariPool-1 - Shutdown completed.
2018-11-29 15:57:55,265 INFO org.apache.juli.logging.DirectJDKLog [main] Initializing ProtocolHandler ["http-nio-8090"]
2018-11-29 15:57:55,268 INFO org.apache.juli.logging.DirectJDKLog [main] Starting service [Tomcat]
2018-11-29 15:57:55,268 INFO org.apache.juli.logging.DirectJDKLog [main] Starting Servlet Engine: Apache Tomcat/9.0.12
2018-11-29 15:57:55,272 INFO org.apache.juli.logging.DirectJDKLog [main] The APR based Apache Tomcat Native library which allows optimal performance in production environments was not found on the java.library.path: [/Users/jay/Library/Java/Extensions:/Library/Java/Extensions:/Network/Library/Java/Extensions:/System/Library/Java/Extensions:/usr/lib/java:.]
2018-11-29 15:57:55,361 INFO org.apache.juli.logging.DirectJDKLog [main] Initializing Spring embedded WebApplicationContext
2018-11-29 15:57:55,445 INFO org.flywaydb.core.internal.logging.slf4j.Slf4jLog [main] Flyway Community Edition 5.2.1 by Boxfuse
2018-11-29 15:57:55,463 INFO com.zaxxer.hikari.HikariDataSource [main] HikariPool-1 - Starting...
2018-11-29 15:57:55,556 INFO com.zaxxer.hikari.HikariDataSource [main] HikariPool-1 - Start completed.
2018-11-29 15:57:55,559 INFO org.flywaydb.core.internal.logging.slf4j.Slf4jLog [main] Database: jdbc:h2:mem:testdb (H2 1.4)
2018-11-29 15:57:55,606 INFO org.flywaydb.core.internal.logging.slf4j.Slf4jLog [main] Successfully validated 1 migration (execution time 00:00.009s)
2018-11-29 15:57:55,614 INFO org.flywaydb.core.internal.logging.slf4j.Slf4jLog [main] Creating Schema History table: "PUBLIC"."flyway_schema_history"
2018-11-29 15:57:55,628 INFO org.flywaydb.core.internal.logging.slf4j.Slf4jLog [main] Current version of schema "PUBLIC": << Empty Schema >>
2018-11-29 15:57:55,629 INFO org.flywaydb.core.internal.logging.slf4j.Slf4jLog [main] Migrating schema "PUBLIC" to version 1.0 - CreateUserAndTransactions
2018-11-29 15:57:55,642 INFO org.flywaydb.core.internal.logging.slf4j.Slf4jLog [main] Successfully applied 1 migration to schema "PUBLIC" (execution time 00:00.031s)
2018-11-29 15:57:55,708 INFO org.hibernate.jpa.internal.util.LogHelper [main] HHH000204: Processing PersistenceUnitInfo [
	name: default
	...]
2018-11-29 15:57:55,740 INFO org.hibernate.Version [main] HHH000412: Hibernate Core {5.3.7.Final}
2018-11-29 15:57:55,741 INFO org.hibernate.cfg.Environment [main] HHH000206: hibernate.properties not found
2018-11-29 15:57:55,813 INFO org.hibernate.annotations.common.reflection.java.JavaReflectionManager [main] HCANN000001: Hibernate Commons Annotations {5.0.4.Final}
2018-11-29 15:57:55,886 INFO org.hibernate.dialect.Dialect [main] HHH000400: Using dialect: org.hibernate.dialect.H2Dialect
2018-11-29 15:57:56,393 WARN com.netflix.config.sources.URLConfigurationSource [main] No URLs will be polled as dynamic configuration sources.
2018-11-29 15:57:56,393 INFO com.netflix.config.sources.URLConfigurationSource [main] To enable URLs as dynamic configuration sources, define System property archaius.configurationSource.additionalUrls or make config.properties available on classpath.
2018-11-29 15:57:56,395 WARN com.netflix.config.sources.URLConfigurationSource [main] No URLs will be polled as dynamic configuration sources.
2018-11-29 15:57:56,396 INFO com.netflix.config.sources.URLConfigurationSource [main] To enable URLs as dynamic configuration sources, define System property archaius.configurationSource.additionalUrls or make config.properties available on classpath.
2018-11-29 15:57:56,677 INFO org.apache.juli.logging.DirectJDKLog [main] Starting ProtocolHandler ["http-nio-8090"]
2018-11-29 15:57:56,695 INFO org.apache.juli.logging.DirectJDKLog [main] Using a shared selector for servlet write/read
2018-11-29 15:58:00,269 INFO org.apache.juli.logging.DirectJDKLog [http-nio-8090-exec-1] Initializing Spring DispatcherServlet 'dispatcherServlet'
2018-11-29 15:58:00,335 INFO org.hibernate.hql.internal.QueryTranslatorFactoryInitiator [http-nio-8090-exec-1] HHH000397: Using ASTQueryTranslatorFactory
2018-11-29 16:02:13,321 INFO com.zaxxer.hikari.HikariDataSource [Thread-12] HikariPool-1 - Shutdown initiated...
2018-11-29 16:02:13,322 INFO com.zaxxer.hikari.HikariDataSource [Thread-12] HikariPool-1 - Shutdown completed.
2018-11-29 16:14:56,245 ERROR org.springframework.test.context.TestContextManager [main] Caught exception while allowing TestExecutionListener [org.springframework.test.context.support.DependencyInjectionTestExecutionListener@693fe6c9] to prepare test instance [com.shineSolutions.nabPreparation.controller.TestUserController@34f5090e]
org.springframework.beans.factory.UnsatisfiedDependencyException: Error creating bean with name 'com.shineSolutions.nabPreparation.controller.TestUserController': Unsatisfied dependency expressed through field 'userService'; nested exception is org.springframework.beans.factory.NoSuchBeanDefinitionException: No qualifying bean of type 'com.shineSolutions.nabPreparation.service.UserService' available: expected at least 1 bean which qualifies as autowire candidate. Dependency annotations: {@org.springframework.beans.factory.annotation.Autowired(required=true)}
	at org.springframework.beans.factory.annotation.AutowiredAnnotationBeanPostProcessor$AutowiredFieldElement.inject(AutowiredAnnotationBeanPostProcessor.java:596)
	at org.springframework.beans.factory.annotation.InjectionMetadata.inject(InjectionMetadata.java:90)
	at org.springframework.beans.factory.annotation.AutowiredAnnotationBeanPostProcessor.postProcessProperties(AutowiredAnnotationBeanPostProcessor.java:374)
	at org.springframework.beans.factory.support.AbstractAutowireCapableBeanFactory.populateBean(AbstractAutowireCapableBeanFactory.java:1378)
	at org.springframework.beans.factory.support.AbstractAutowireCapableBeanFactory.autowireBeanProperties(AbstractAutowireCapableBeanFactory.java:396)
	at org.springframework.test.context.support.DependencyInjectionTestExecutionListener.injectDependencies(DependencyInjectionTestExecutionListener.java:119)
	at org.springframework.test.context.support.DependencyInjectionTestExecutionListener.prepareTestInstance(DependencyInjectionTestExecutionListener.java:83)
	at org.springframework.test.context.TestContextManager.prepareTestInstance(TestContextManager.java:246)
	at org.springframework.test.context.junit4.SpringJUnit4ClassRunner.createTest(SpringJUnit4ClassRunner.java:227)
	at org.springframework.test.context.junit4.SpringJUnit4ClassRunner$1.runReflectiveCall(SpringJUnit4ClassRunner.java:289)
	at org.junit.internal.runners.model.ReflectiveCallable.run(ReflectiveCallable.java:12)
	at org.springframework.test.context.junit4.SpringJUnit4ClassRunner.methodBlock(SpringJUnit4ClassRunner.java:291)
	at org.springframework.test.context.junit4.SpringJUnit4ClassRunner.runChild(SpringJUnit4ClassRunner.java:246)
	at org.springframework.test.context.junit4.SpringJUnit4ClassRunner.runChild(SpringJUnit4ClassRunner.java:97)
	at org.junit.runners.ParentRunner$3.run(ParentRunner.java:290)
	at org.junit.runners.ParentRunner$1.schedule(ParentRunner.java:71)
	at org.junit.runners.ParentRunner.runChildren(ParentRunner.java:288)
	at org.junit.runners.ParentRunner.access$000(ParentRunner.java:58)
	at org.junit.runners.ParentRunner$2.evaluate(ParentRunner.java:268)
	at org.springframework.test.context.junit4.statements.RunBeforeTestClassCallbacks.evaluate(RunBeforeTestClassCallbacks.java:61)
	at org.springframework.test.context.junit4.statements.RunAfterTestClassCallbacks.evaluate(RunAfterTestClassCallbacks.java:70)
	at org.junit.runners.ParentRunner.run(ParentRunner.java:363)
	at org.springframework.test.context.junit4.SpringJUnit4ClassRunner.run(SpringJUnit4ClassRunner.java:190)
	at org.junit.runner.JUnitCore.run(JUnitCore.java:137)
	at com.intellij.junit4.JUnit4IdeaTestRunner.startRunnerWithArgs(JUnit4IdeaTestRunner.java:68)
	at com.intellij.rt.execution.junit.IdeaTestRunner$Repeater.startRunnerWithArgs(IdeaTestRunner.java:47)
	at com.intellij.rt.execution.junit.JUnitStarter.prepareStreamsAndStart(JUnitStarter.java:242)
	at com.intellij.rt.execution.junit.JUnitStarter.main(JUnitStarter.java:70)
Caused by: org.springframework.beans.factory.NoSuchBeanDefinitionException: No qualifying bean of type 'com.shineSolutions.nabPreparation.service.UserService' available: expected at least 1 bean which qualifies as autowire candidate. Dependency annotations: {@org.springframework.beans.factory.annotation.Autowired(required=true)}
	at org.springframework.beans.factory.support.DefaultListableBeanFactory.raiseNoMatchingBeanFound(DefaultListableBeanFactory.java:1646)
	at org.springframework.beans.factory.support.DefaultListableBeanFactory.doResolveDependency(DefaultListableBeanFactory.java:1205)
	at org.springframework.beans.factory.support.DefaultListableBeanFactory.resolveDependency(DefaultListableBeanFactory.java:1166)
	at org.springframework.beans.factory.annotation.AutowiredAnnotationBeanPostProcessor$AutowiredFieldElement.inject(AutowiredAnnotationBeanPostProcessor.java:593)
	... 27 common frames omitted
2018-11-29 16:16:31,094 INFO org.flywaydb.core.internal.logging.slf4j.Slf4jLog [main] Flyway Community Edition 5.2.1 by Boxfuse
2018-11-29 16:16:31,143 INFO com.zaxxer.hikari.HikariDataSource [main] HikariPool-1 - Starting...
2018-11-29 16:16:31,299 INFO com.zaxxer.hikari.HikariDataSource [main] HikariPool-1 - Start completed.
2018-11-29 16:16:31,304 INFO org.flywaydb.core.internal.logging.slf4j.Slf4jLog [main] Database: jdbc:h2:mem:testdb (H2 1.4)
2018-11-29 16:16:31,365 INFO org.flywaydb.core.internal.logging.slf4j.Slf4jLog [main] Successfully validated 1 migration (execution time 00:00.010s)
2018-11-29 16:16:31,375 INFO org.flywaydb.core.internal.logging.slf4j.Slf4jLog [main] Creating Schema History table: "PUBLIC"."flyway_schema_history"
2018-11-29 16:16:31,393 INFO org.flywaydb.core.internal.logging.slf4j.Slf4jLog [main] Current version of schema "PUBLIC": << Empty Schema >>
2018-11-29 16:16:31,394 INFO org.flywaydb.core.internal.logging.slf4j.Slf4jLog [main] Migrating schema "PUBLIC" to version 1.0 - CreateUserAndTransactions
2018-11-29 16:16:31,411 INFO org.flywaydb.core.internal.logging.slf4j.Slf4jLog [main] Successfully applied 1 migration to schema "PUBLIC" (execution time 00:00.039s)
2018-11-29 16:16:31,536 INFO org.hibernate.jpa.internal.util.LogHelper [main] HHH000204: Processing PersistenceUnitInfo [
	name: default
	...]
2018-11-29 16:16:31,586 INFO org.hibernate.Version [main] HHH000412: Hibernate Core {5.3.7.Final}
2018-11-29 16:16:31,587 INFO org.hibernate.cfg.Environment [main] HHH000206: hibernate.properties not found
2018-11-29 16:16:31,692 INFO org.hibernate.annotations.common.reflection.java.JavaReflectionManager [main] HCANN000001: Hibernate Commons Annotations {5.0.4.Final}
2018-11-29 16:16:31,803 INFO org.hibernate.dialect.Dialect [main] HHH000400: Using dialect: org.hibernate.dialect.H2Dialect
2018-11-29 16:16:32,650 WARN com.netflix.config.sources.URLConfigurationSource [main] No URLs will be polled as dynamic configuration sources.
2018-11-29 16:16:32,650 INFO com.netflix.config.sources.URLConfigurationSource [main] To enable URLs as dynamic configuration sources, define System property archaius.configurationSource.additionalUrls or make config.properties available on classpath.
2018-11-29 16:16:32,654 WARN com.netflix.config.sources.URLConfigurationSource [main] No URLs will be polled as dynamic configuration sources.
2018-11-29 16:16:32,655 INFO com.netflix.config.sources.URLConfigurationSource [main] To enable URLs as dynamic configuration sources, define System property archaius.configurationSource.additionalUrls or make config.properties available on classpath.
2018-11-29 16:16:33,525 INFO org.hibernate.hql.internal.QueryTranslatorFactoryInitiator [main] HHH000397: Using ASTQueryTranslatorFactory
2018-11-29 16:16:33,614 INFO com.zaxxer.hikari.HikariDataSource [Thread-5] HikariPool-1 - Shutdown initiated...
2018-11-29 16:16:33,615 INFO com.zaxxer.hikari.HikariDataSource [Thread-5] HikariPool-1 - Shutdown completed.
2018-11-29 16:18:49,178 INFO org.flywaydb.core.internal.logging.slf4j.Slf4jLog [main] Flyway Community Edition 5.2.1 by Boxfuse
2018-11-29 16:18:49,233 INFO com.zaxxer.hikari.HikariDataSource [main] HikariPool-1 - Starting...
2018-11-29 16:18:49,386 INFO com.zaxxer.hikari.HikariDataSource [main] HikariPool-1 - Start completed.
2018-11-29 16:18:49,391 INFO org.flywaydb.core.internal.logging.slf4j.Slf4jLog [main] Database: jdbc:h2:mem:testdb (H2 1.4)
2018-11-29 16:18:49,453 INFO org.flywaydb.core.internal.logging.slf4j.Slf4jLog [main] Successfully validated 1 migration (execution time 00:00.012s)
2018-11-29 16:18:49,465 INFO org.flywaydb.core.internal.logging.slf4j.Slf4jLog [main] Creating Schema History table: "PUBLIC"."flyway_schema_history"
2018-11-29 16:18:49,485 INFO org.flywaydb.core.internal.logging.slf4j.Slf4jLog [main] Current version of schema "PUBLIC": << Empty Schema >>
2018-11-29 16:18:49,486 INFO org.flywaydb.core.internal.logging.slf4j.Slf4jLog [main] Migrating schema "PUBLIC" to version 1.0 - CreateUserAndTransactions
2018-11-29 16:18:49,503 INFO org.flywaydb.core.internal.logging.slf4j.Slf4jLog [main] Successfully applied 1 migration to schema "PUBLIC" (execution time 00:00.042s)
2018-11-29 16:18:49,632 INFO org.hibernate.jpa.internal.util.LogHelper [main] HHH000204: Processing PersistenceUnitInfo [
	name: default
	...]
2018-11-29 16:18:49,686 INFO org.hibernate.Version [main] HHH000412: Hibernate Core {5.3.7.Final}
2018-11-29 16:18:49,688 INFO org.hibernate.cfg.Environment [main] HHH000206: hibernate.properties not found
2018-11-29 16:18:49,797 INFO org.hibernate.annotations.common.reflection.java.JavaReflectionManager [main] HCANN000001: Hibernate Commons Annotations {5.0.4.Final}
2018-11-29 16:18:49,907 INFO org.hibernate.dialect.Dialect [main] HHH000400: Using dialect: org.hibernate.dialect.H2Dialect
2018-11-29 16:18:50,744 WARN com.netflix.config.sources.URLConfigurationSource [main] No URLs will be polled as dynamic configuration sources.
2018-11-29 16:18:50,744 INFO com.netflix.config.sources.URLConfigurationSource [main] To enable URLs as dynamic configuration sources, define System property archaius.configurationSource.additionalUrls or make config.properties available on classpath.
2018-11-29 16:18:50,749 WARN com.netflix.config.sources.URLConfigurationSource [main] No URLs will be polled as dynamic configuration sources.
2018-11-29 16:18:50,749 INFO com.netflix.config.sources.URLConfigurationSource [main] To enable URLs as dynamic configuration sources, define System property archaius.configurationSource.additionalUrls or make config.properties available on classpath.
2018-11-29 16:18:51,584 INFO org.hibernate.hql.internal.QueryTranslatorFactoryInitiator [main] HHH000397: Using ASTQueryTranslatorFactory
2018-11-29 16:18:51,700 INFO com.zaxxer.hikari.HikariDataSource [Thread-5] HikariPool-1 - Shutdown initiated...
2018-11-29 16:18:51,702 INFO com.zaxxer.hikari.HikariDataSource [Thread-5] HikariPool-1 - Shutdown completed.
2018-11-29 16:23:38,829 INFO org.flywaydb.core.internal.logging.slf4j.Slf4jLog [main] Flyway Community Edition 5.2.1 by Boxfuse
2018-11-29 16:23:38,868 INFO com.zaxxer.hikari.HikariDataSource [main] HikariPool-1 - Starting...
2018-11-29 16:23:39,015 INFO com.zaxxer.hikari.HikariDataSource [main] HikariPool-1 - Start completed.
2018-11-29 16:23:39,019 INFO org.flywaydb.core.internal.logging.slf4j.Slf4jLog [main] Database: jdbc:h2:mem:testdb (H2 1.4)
2018-11-29 16:23:39,082 INFO org.flywaydb.core.internal.logging.slf4j.Slf4jLog [main] Successfully validated 1 migration (execution time 00:00.010s)
2018-11-29 16:23:39,092 INFO org.flywaydb.core.internal.logging.slf4j.Slf4jLog [main] Creating Schema History table: "PUBLIC"."flyway_schema_history"
2018-11-29 16:23:39,112 INFO org.flywaydb.core.internal.logging.slf4j.Slf4jLog [main] Current version of schema "PUBLIC": << Empty Schema >>
2018-11-29 16:23:39,113 INFO org.flywaydb.core.internal.logging.slf4j.Slf4jLog [main] Migrating schema "PUBLIC" to version 1.0 - CreateUserAndTransactions
2018-11-29 16:23:39,134 INFO org.flywaydb.core.internal.logging.slf4j.Slf4jLog [main] Successfully applied 1 migration to schema "PUBLIC" (execution time 00:00.046s)
2018-11-29 16:23:39,274 INFO org.hibernate.jpa.internal.util.LogHelper [main] HHH000204: Processing PersistenceUnitInfo [
	name: default
	...]
2018-11-29 16:23:39,329 INFO org.hibernate.Version [main] HHH000412: Hibernate Core {5.3.7.Final}
2018-11-29 16:23:39,331 INFO org.hibernate.cfg.Environment [main] HHH000206: hibernate.properties not found
2018-11-29 16:23:39,440 INFO org.hibernate.annotations.common.reflection.java.JavaReflectionManager [main] HCANN000001: Hibernate Commons Annotations {5.0.4.Final}
2018-11-29 16:23:39,545 INFO org.hibernate.dialect.Dialect [main] HHH000400: Using dialect: org.hibernate.dialect.H2Dialect
2018-11-29 16:23:40,416 WARN com.netflix.config.sources.URLConfigurationSource [main] No URLs will be polled as dynamic configuration sources.
2018-11-29 16:23:40,416 INFO com.netflix.config.sources.URLConfigurationSource [main] To enable URLs as dynamic configuration sources, define System property archaius.configurationSource.additionalUrls or make config.properties available on classpath.
2018-11-29 16:23:40,423 WARN com.netflix.config.sources.URLConfigurationSource [main] No URLs will be polled as dynamic configuration sources.
2018-11-29 16:23:40,424 INFO com.netflix.config.sources.URLConfigurationSource [main] To enable URLs as dynamic configuration sources, define System property archaius.configurationSource.additionalUrls or make config.properties available on classpath.
2018-11-29 16:23:41,311 INFO org.hibernate.hql.internal.QueryTranslatorFactoryInitiator [main] HHH000397: Using ASTQueryTranslatorFactory
2018-11-29 16:23:41,405 INFO com.zaxxer.hikari.HikariDataSource [Thread-5] HikariPool-1 - Shutdown initiated...
2018-11-29 16:23:41,407 INFO com.zaxxer.hikari.HikariDataSource [Thread-5] HikariPool-1 - Shutdown completed.
